<?xml version="1.0" encoding="UTF-8"?>
<testsuite name="com.tata.self_healing.SelfHealingApplicationTests" tests="1" skipped="0" failures="0" errors="0" timestamp="2025-09-13T11:17:04.718Z" hostname="LP-HH53QF3QK1.local" time="0.001">
  <properties/>
  <testcase name="contextLoads()" classname="com.tata.self_healing.SelfHealingApplicationTests" time="0.001"/>
  <system-out><![CDATA[{"@timestamp":"2025-09-13T16:47:04.567334+05:30","level":"INFO","logger_name":"org.springframework.test.context.support.AnnotationConfigContextLoaderUtils","message":"Could not detect default configuration classes for test class [com.tata.self_healing.SelfHealingApplicationTests]: SelfHealingApplicationTests does not declare any static, non-private, non-final, nested classes annotated with @Configuration."}
{"@timestamp":"2025-09-13T16:47:04.571305+05:30","level":"INFO","logger_name":"org.springframework.boot.test.context.SpringBootTestContextBootstrapper","message":"Found @SpringBootConfiguration com.tata.self_healing.SelfHealingApplication for test class com.tata.self_healing.SelfHealingApplicationTests"}

  .   ____          _            __ _ _
 /\\ / ___'_ __ _ _(_)_ __  __ _ \ \ \ \
( ( )\___ | '_ | '_| | '_ \/ _` | \ \ \ \
 \\/  ___)| |_)| | | | | || (_| |  ) ) ) )
  '  |____| .__|_| |_|_| |_\__, | / / / /
 =========|_|==============|___/=/_/_/_/

 :: Spring Boot ::                (v3.3.2)

{"@timestamp":"2025-09-13T16:47:04.581131+05:30","level":"INFO","logger_name":"com.tata.self_healing.SelfHealingApplicationTests","message":"Starting SelfHealingApplicationTests using Java 21.0.7 with PID 28288 (started by abhisheksingh2 in /Users/abhisheksingh2/Downloads/self_healing)"}
{"@timestamp":"2025-09-13T16:47:04.581275+05:30","level":"INFO","logger_name":"com.tata.self_healing.SelfHealingApplicationTests","message":"No active profile set, falling back to 1 default profile: \"default\""}
{"@timestamp":"2025-09-13T16:47:04.711314+05:30","level":"INFO","logger_name":"org.springframework.boot.actuate.endpoint.web.EndpointLinksResolver","message":"Exposing 3 endpoints beneath base path '/actuator'"}
{"@timestamp":"2025-09-13T16:47:04.718299+05:30","level":"INFO","logger_name":"com.tata.self_healing.SelfHealingApplicationTests","message":"Started SelfHealingApplicationTests in 0.146 seconds (process running for 2.052)"}
]]></system-out>
  <system-err><![CDATA[]]></system-err>
</testsuite>
