<?xml version="1.0" encoding="UTF-8"?>
<testsuite name="com.tata.self_healing.monitoring.MonitoringIntegrationTest" tests="6" skipped="0" failures="0" errors="0" timestamp="2025-09-13T11:17:04.722Z" hostname="LP-HH53QF3QK1.local" time="0.045">
  <properties/>
  <testcase name="testRecordTestError()" classname="com.tata.self_healing.monitoring.MonitoringIntegrationTest" time="0.005"/>
  <testcase name="testCorrelationIdInHeaders()" classname="com.tata.self_healing.monitoring.MonitoringIntegrationTest" time="0.026"/>
  <testcase name="testHealthMetricsEndpoint()" classname="com.tata.self_healing.monitoring.MonitoringIntegrationTest" time="0.003"/>
  <testcase name="testTriggerPatternAnalysis()" classname="com.tata.self_healing.monitoring.MonitoringIntegrationTest" time="0.003"/>
  <testcase name="testErrorStatisticsEndpoint()" classname="com.tata.self_healing.monitoring.MonitoringIntegrationTest" time="0.002"/>
  <testcase name="testErrorPatternsEndpoint()" classname="com.tata.self_healing.monitoring.MonitoringIntegrationTest" time="0.003"/>
  <system-out><![CDATA[{"@timestamp":"2025-09-13T16:47:04.724291+05:30","level":"INFO","logger_name":"com.tata.self_healing.monitoring.RequestMonitoringInterceptor","message":"Request started: POST /api/v1/monitoring/test-error from IP: 127.0.0.1","correlationId":"27f10f0d-6e3d-4dfe-ac06-ff54126a5ef9"}
{"@timestamp":"2025-09-13T16:47:04.724878+05:30","level":"INFO","logger_name":"com.tata.self_healing.controller.MonitoringController","message":"POST /api/v1/monitoring/test-error - Recording test error: type=TEST_ERROR, message=This is a test error","correlationId":"27f10f0d-6e3d-4dfe-ac06-ff54126a5ef9"}
{"@timestamp":"2025-09-13T16:47:04.725364+05:30","level":"INFO","logger_name":"com.tata.self_healing.monitoring.ErrorPatternDetector","message":"Error recorded for pattern analysis: type=TEST_ERROR, pattern=TEST_ERROR:1421488109, correlationId=test-correlation-id","correlationId":"27f10f0d-6e3d-4dfe-ac06-ff54126a5ef9"}
{"@timestamp":"2025-09-13T16:47:04.725435+05:30","level":"INFO","logger_name":"com.tata.self_healing.controller.MonitoringController","message":"Test error recorded successfully","correlationId":"27f10f0d-6e3d-4dfe-ac06-ff54126a5ef9"}
{"@timestamp":"2025-09-13T16:47:04.72603+05:30","level":"INFO","logger_name":"com.tata.self_healing.monitoring.RequestMonitoringInterceptor","message":"Request completed: POST /api/v1/monitoring/test-error - Status: 200 - Duration: 1ms","correlationId":"27f10f0d-6e3d-4dfe-ac06-ff54126a5ef9"}
{"@timestamp":"2025-09-13T16:47:04.729596+05:30","level":"INFO","logger_name":"com.tata.self_healing.monitoring.RequestMonitoringInterceptor","message":"Request started: GET /api/v1/users from IP: 127.0.0.1","correlationId":"test-correlation-123"}
{"@timestamp":"2025-09-13T16:47:04.730048+05:30","level":"INFO","logger_name":"com.tata.self_healing.controller.UserController","message":"GET /api/v1/users - Retrieving all users","correlationId":"test-correlation-123"}
{"@timestamp":"2025-09-13T16:47:04.730118+05:30","level":"INFO","logger_name":"com.tata.self_healing.service.UserService","message":"Retrieving all users","correlationId":"test-correlation-123"}
{"@timestamp":"2025-09-13T16:47:04.751486+05:30","level":"INFO","logger_name":"com.tata.self_healing.controller.UserController","message":"Successfully retrieved 2 users","correlationId":"test-correlation-123"}
{"@timestamp":"2025-09-13T16:47:04.752799+05:30","level":"INFO","logger_name":"com.tata.self_healing.monitoring.RequestMonitoringInterceptor","message":"Request completed: GET /api/v1/users - Status: 200 - Duration: 23ms","correlationId":"test-correlation-123"}
{"@timestamp":"2025-09-13T16:47:04.756159+05:30","level":"INFO","logger_name":"com.tata.self_healing.monitoring.RequestMonitoringInterceptor","message":"Request started: GET /api/v1/monitoring/health-metrics from IP: 127.0.0.1","correlationId":"e405dca5-9de3-44cb-a23a-887c8a931d38"}
{"@timestamp":"2025-09-13T16:47:04.756351+05:30","level":"INFO","logger_name":"com.tata.self_healing.controller.MonitoringController","message":"GET /api/v1/monitoring/health-metrics - Retrieving health metrics","correlationId":"e405dca5-9de3-44cb-a23a-887c8a931d38"}
{"@timestamp":"2025-09-13T16:47:04.756719+05:30","level":"INFO","logger_name":"com.tata.self_healing.controller.MonitoringController","message":"Successfully retrieved health metrics","correlationId":"e405dca5-9de3-44cb-a23a-887c8a931d38"}
{"@timestamp":"2025-09-13T16:47:04.757432+05:30","level":"INFO","logger_name":"com.tata.self_healing.monitoring.RequestMonitoringInterceptor","message":"Request completed: GET /api/v1/monitoring/health-metrics - Status: 200 - Duration: 1ms","correlationId":"e405dca5-9de3-44cb-a23a-887c8a931d38"}
{"@timestamp":"2025-09-13T16:47:04.759587+05:30","level":"INFO","logger_name":"com.tata.self_healing.monitoring.ErrorPatternDetector","message":"Error recorded for pattern analysis: type=TEST_ERROR, pattern=TEST_ERROR:1704297113, correlationId=test-id"}
{"@timestamp":"2025-09-13T16:47:04.760229+05:30","level":"INFO","logger_name":"com.tata.self_healing.monitoring.RequestMonitoringInterceptor","message":"Request started: POST /api/v1/monitoring/analyze-patterns from IP: 127.0.0.1","correlationId":"1e36f82d-73a4-49c7-9726-d95cdad212d5"}
{"@timestamp":"2025-09-13T16:47:04.760444+05:30","level":"INFO","logger_name":"com.tata.self_healing.controller.MonitoringController","message":"POST /api/v1/monitoring/analyze-patterns - Triggering manual pattern analysis","correlationId":"1e36f82d-73a4-49c7-9726-d95cdad212d5"}
{"@timestamp":"2025-09-13T16:47:04.760571+05:30","level":"INFO","logger_name":"com.tata.self_healing.controller.MonitoringController","message":"Pattern analysis completed. Found 0 insights.","correlationId":"1e36f82d-73a4-49c7-9726-d95cdad212d5"}
{"@timestamp":"2025-09-13T16:47:04.760978+05:30","level":"INFO","logger_name":"com.tata.self_healing.monitoring.RequestMonitoringInterceptor","message":"Request completed: POST /api/v1/monitoring/analyze-patterns - Status: 200 - Duration: 0ms","correlationId":"1e36f82d-73a4-49c7-9726-d95cdad212d5"}
{"@timestamp":"2025-09-13T16:47:04.763403+05:30","level":"INFO","logger_name":"com.tata.self_healing.monitoring.RequestMonitoringInterceptor","message":"Request started: GET /api/v1/monitoring/error-statistics from IP: 127.0.0.1","correlationId":"7aff9399-378c-4c50-9ab9-7232d729b583"}
{"@timestamp":"2025-09-13T16:47:04.763541+05:30","level":"INFO","logger_name":"com.tata.self_healing.controller.MonitoringController","message":"GET /api/v1/monitoring/error-statistics - Retrieving error statistics","correlationId":"7aff9399-378c-4c50-9ab9-7232d729b583"}
{"@timestamp":"2025-09-13T16:47:04.763611+05:30","level":"INFO","logger_name":"com.tata.self_healing.controller.MonitoringController","message":"Successfully retrieved error statistics","correlationId":"7aff9399-378c-4c50-9ab9-7232d729b583"}
{"@timestamp":"2025-09-13T16:47:04.763979+05:30","level":"INFO","logger_name":"com.tata.self_healing.monitoring.RequestMonitoringInterceptor","message":"Request completed: GET /api/v1/monitoring/error-statistics - Status: 200 - Duration: 0ms","correlationId":"7aff9399-378c-4c50-9ab9-7232d729b583"}
{"@timestamp":"2025-09-13T16:47:04.765899+05:30","level":"INFO","logger_name":"com.tata.self_healing.monitoring.RequestMonitoringInterceptor","message":"Request started: GET /api/v1/monitoring/error-patterns from IP: 127.0.0.1","correlationId":"4dfa455f-3835-43bf-808d-c1d63ad13818"}
{"@timestamp":"2025-09-13T16:47:04.766046+05:30","level":"INFO","logger_name":"com.tata.self_healing.controller.MonitoringController","message":"GET /api/v1/monitoring/error-patterns - Retrieving error patterns","correlationId":"4dfa455f-3835-43bf-808d-c1d63ad13818"}
{"@timestamp":"2025-09-13T16:47:04.766114+05:30","level":"INFO","logger_name":"com.tata.self_healing.controller.MonitoringController","message":"Successfully retrieved 0 error insights","correlationId":"4dfa455f-3835-43bf-808d-c1d63ad13818"}
{"@timestamp":"2025-09-13T16:47:04.766481+05:30","level":"INFO","logger_name":"com.tata.self_healing.monitoring.RequestMonitoringInterceptor","message":"Request completed: GET /api/v1/monitoring/error-patterns - Status: 200 - Duration: 0ms","correlationId":"4dfa455f-3835-43bf-808d-c1d63ad13818"}
]]></system-out>
  <system-err><![CDATA[]]></system-err>
</testsuite>
